CONNECTING (LICS) ...
Connected.
CREATING LICS TABLES ...

Table created.


Comment created.


Comment created.


Comment created.


Comment created.


Comment created.


Comment created.


Comment created.


Comment created.


Comment created.


Table altered.


Grant succeeded.


Synonym created.


Table created.


Comment created.


Comment created.


Comment created.


Comment created.


Comment created.


Comment created.


Table altered.


Grant succeeded.


Synonym created.


Table created.


Comment created.


Comment created.


Comment created.


Comment created.


Comment created.


Table altered.


Grant succeeded.


Synonym created.


Table created.


Comment created.


Comment created.


Comment created.


Comment created.


Comment created.


Comment created.


Table altered.


Grant succeeded.


Synonym created.


Table created.


Comment created.


Comment created.


Comment created.


Comment created.


Comment created.


Table altered.


Grant succeeded.


Synonym created.


Table created.


Comment created.


Comment created.


Comment created.


Comment created.


Comment created.


Comment created.


Table altered.


Grant succeeded.


Synonym created.


Table created.


Comment created.


Comment created.


Comment created.


Comment created.


Comment created.


Comment created.


Comment created.


Comment created.


Comment created.


Comment created.


Comment created.


Comment created.


Comment created.


Comment created.


Comment created.


Table altered.


Grant succeeded.


Synonym created.


Table created.


Comment created.


Comment created.


Comment created.


Table altered.


Grant succeeded.


Synonym created.


Table created.


Comment created.


Comment created.


Comment created.


Table altered.


Grant succeeded.


Synonym created.


Table created.


Comment created.


Comment created.


Comment created.


Comment created.


Comment created.


Table altered.


Grant succeeded.


Synonym created.


Table created.


Comment created.


Comment created.


Comment created.


Comment created.


Table altered.


Grant succeeded.


Synonym created.


Table created.


Comment created.


Comment created.


Comment created.


Comment created.


Comment created.


Comment created.


Comment created.


Comment created.


Table altered.


Grant succeeded.


Synonym created.


Table created.


Comment created.


Comment created.


Comment created.


Comment created.


Comment created.


Comment created.


Comment created.


Comment created.


Comment created.


Table altered.


Grant succeeded.


Synonym created.


Table created.


Comment created.


Comment created.


Comment created.


Comment created.


Comment created.


Comment created.


Comment created.


Comment created.


Comment created.


Comment created.


Comment created.


Comment created.


Comment created.


Comment created.


Comment created.


Comment created.


Comment created.


Table altered.


Grant succeeded.


Synonym created.


Table created.


Comment created.


Comment created.


Comment created.


Table altered.


Grant succeeded.


Synonym created.


Table created.


Comment created.


Comment created.


Comment created.


Table altered.


Grant succeeded.


Synonym created.


Table created.


Comment created.


Comment created.


Comment created.


Comment created.


Comment created.


Comment created.


Comment created.


Comment created.


Comment created.


Comment created.


Comment created.


Comment created.


Comment created.


Table altered.


Grant succeeded.


Synonym created.


Table created.


Comment created.


Comment created.


Comment created.


Comment created.


Comment created.


Comment created.


Comment created.


Comment created.


Comment created.


Comment created.


Comment created.


Table altered.


Grant succeeded.


Synonym created.


Table created.


Comment created.


Comment created.


Comment created.


Comment created.


Comment created.


Table altered.


Grant succeeded.


Synonym created.


Table created.


Comment created.


Comment created.


Comment created.


Comment created.


Comment created.


Comment created.


Table altered.


Grant succeeded.


Synonym created.


Table created.


Comment created.


Comment created.


Comment created.


Comment created.


Table altered.


Grant succeeded.


Synonym created.


Table created.


Comment created.


Comment created.


Comment created.


Table altered.


Grant succeeded.


Synonym created.


Table created.


Comment created.


Comment created.


Comment created.


Table altered.


Grant succeeded.


Synonym created.


Table created.


Comment created.


Comment created.


Comment created.


Table altered.


Grant succeeded.


Synonym created.


Table created.


Comment created.


Comment created.


Comment created.


Comment created.


Table altered.


Grant succeeded.


Synonym created.


Table created.


Comment created.


Comment created.


Comment created.


Comment created.


Table altered.


Grant succeeded.


Synonym created.


Table created.


Comment created.


Comment created.


Comment created.


Comment created.


Comment created.


Table altered.


Grant succeeded.


Synonym created.


Table created.


Comment created.


Comment created.


Comment created.


Table altered.


Grant succeeded.


Synonym created.


Table created.


Comment created.


Comment created.


Comment created.


Comment created.


Comment created.


Table altered.


Grant succeeded.


Synonym created.


Table created.


Comment created.


Comment created.


Comment created.


Comment created.


Comment created.


Table altered.


Grant succeeded.


Synonym created.


Sequence created.


Sequence created.


Sequence created.


Sequence created.


Sequence created.


Grant succeeded.


Grant succeeded.


Grant succeeded.


Grant succeeded.


Grant succeeded.


Synonym created.


Synonym created.


Synonym created.


Synonym created.


Synonym created.


Table created.


Comment created.


Comment created.


Comment created.


Comment created.


Table altered.


Grant succeeded.


Synonym created.


Table created.


Comment created.


Comment created.


Comment created.


Grant succeeded.


Synonym created.


Table created.


Comment created.


Comment created.


Comment created.


Comment created.


Comment created.


Comment created.


Comment created.


Comment created.


Table altered.


Grant succeeded.


Synonym created.

CREATING LICS CONSTRAINTS ...

Table altered.


Table altered.


Table altered.


Table altered.


Table altered.


Table altered.


Table altered.


Table altered.


Table altered.


Table altered.


Table altered.


Table altered.


Table altered.


Table altered.

CREATING LICS INDEXES ...
drop index lics_job_trace_ix01
           *
ERROR at line 1:
ORA-01418: specified index does not exist 


drop index lics_header_ix01
           *
ERROR at line 1:
ORA-01418: specified index does not exist 


drop index lics_header_ix02
           *
ERROR at line 1:
ORA-01418: specified index does not exist 


drop index lics_hdr_trace_ix01
           *
ERROR at line 1:
ORA-01418: specified index does not exist 


drop index lics_dta_message_ix01
           *
ERROR at line 1:
ORA-01418: specified index does not exist 



Index created.


Index created.


Index created.


Index created.


Index created.

CONNECTING (LICS_APP) ...
Connected.
CREATING LICS_APP PROCEDURES ...

Package created.


Synonym created.


Grant succeeded.


Package created.


Synonym created.


Grant succeeded.


Package created.


Package body created.


Synonym created.

grant execute on lics_pipe to ics_app
                              *
ERROR at line 1:
ORA-01917: user or role 'ICS_APP' does not exist 



Package created.


Package body created.


Synonym created.


Package created.


Package body created.


Synonym created.


Grant succeeded.


Package created.


Package body created.


Synonym created.


Grant succeeded.


Package created.


Package body created.


Synonym created.


Grant succeeded.


Package created.


Warning: Package Body created with compilation errors.


Synonym created.


Grant succeeded.


Package created.


Package body created.


Synonym created.


Grant succeeded.


Package created.


Warning: Package Body created with compilation errors.


Synonym created.


Grant succeeded.


Package created.


Package body created.


Synonym created.


Grant succeeded.


Package created.


Warning: Package Body created with compilation errors.


Synonym created.


Grant succeeded.


Package created.


Package body created.


Synonym created.


Grant succeeded.


Package created.


Package body created.


Synonym created.


Grant succeeded.


Package created.


Package body created.


Synonym created.


Grant succeeded.


Package created.


Warning: Package Body created with compilation errors.


Synonym created.


Grant succeeded.


Package created.


Warning: Package Body created with compilation errors.


Synonym created.


Grant succeeded.


Package created.


Package body created.


Synonym created.


Grant succeeded.


Package created.


Package body created.


Synonym created.


Grant succeeded.


Package created.


Package body created.


Synonym created.


Grant succeeded.


Package created.


Package body created.


Synonym created.


Grant succeeded.


Package created.


Package body created.


Synonym created.


Grant succeeded.


Type created.


Type created.


Package created.


Package body created.


Synonym created.


Grant succeeded.


Package created.


Package body created.


Synonym created.


Grant succeeded.


Package created.


Package body created.


Synonym created.


Grant succeeded.


Package created.


Package body created.


Synonym created.


Grant succeeded.


Package created.


Package body created.


Synonym created.


Grant succeeded.


Package created.


Package body created.


Synonym created.


Grant succeeded.


Package created.


Package body created.


Synonym created.


Grant succeeded.


Package created.


Package body created.


Synonym created.


Grant succeeded.


Package created.


Package body created.


Synonym created.


Grant succeeded.


Package created.


Package body created.


Synonym created.


Grant succeeded.


Package created.


Package body created.


Synonym created.


Grant succeeded.


Package created.


Warning: Package Body created with compilation errors.


Synonym created.


Grant succeeded.


Package created.


Package body created.


Synonym created.


Grant succeeded.


Package created.


Package body created.


Synonym created.


Grant succeeded.


Package created.


Package body created.


Synonym created.


Grant succeeded.


Package created.


Package body created.


Synonym created.


Grant succeeded.


Package created.


Package body created.


Synonym created.


Grant succeeded.


Package created.


Package body created.


Synonym created.


Grant succeeded.


Function created.


Synonym created.


Grant succeeded.


Type created.


Type created.


Package created.


Package body created.


Synonym created.


Grant succeeded.


Package created.


Package body created.


Synonym created.

grant execute on lics_security_configuration to ics_app
                                                *
ERROR at line 1:
ORA-01917: user or role 'ICS_APP' does not exist 



Package created.


Package body created.


Synonym created.


Grant succeeded.


Type created.


Package created.


Package body created.


Synonym created.


Grant succeeded.


Package created.


Package body created.


Synonym created.


Grant succeeded.

