CONNECTING (LICS_APP) ...
Connected.
CREATING LICS_APP PROCEDURES ...

Package created.


Synonym created.


Grant succeeded.


Package created.


Synonym created.


Grant succeeded.


Package created.


Warning: Package Body created with compilation errors.

create public synonym lics_pipe for lics_app.lics_pipe
                      *
ERROR at line 1:
ORA-00955: name is already used by an existing object 


grant execute on lics_pipe to ics_app
                              *
ERROR at line 1:
ORA-01917: user or role 'ICS_APP' does not exist 



Package created.


Package body created.


Synonym created.


Package created.


Package body created.


Synonym created.


Grant succeeded.


Package created.


Package body created.

create public synonym lics_locking for lics_app.lics_locking
                      *
ERROR at line 1:
ORA-00955: name is already used by an existing object 



Grant succeeded.


Package created.


Package body created.


Synonym created.


Grant succeeded.


Package created.


Package body created.


Synonym created.


Grant succeeded.


Package created.


Package body created.


Synonym created.


Grant succeeded.


Package created.


Package body created.


Synonym created.


Grant succeeded.


Package created.


Package body created.


Synonym created.


Grant succeeded.


Package created.


Package body created.


Synonym created.


Grant succeeded.


Package created.


Package body created.


Synonym created.


Grant succeeded.


Package created.


Package body created.


Synonym created.


Grant succeeded.


Package created.


Package body created.


Synonym created.


Grant succeeded.


Package created.


Package body created.


Synonym created.


Grant succeeded.


Package created.


Package body created.


Synonym created.


Grant succeeded.


Package created.


Package body created.


Synonym created.


Grant succeeded.


Package created.


Package body created.


Synonym created.


Grant succeeded.


Package created.


Package body created.


Synonym created.


Grant succeeded.


Package created.


Package body created.


Synonym created.


Grant succeeded.


Package created.


Package body created.


Synonym created.


Grant succeeded.

create or replace type lics_datastore_object as object
*
ERROR at line 1:
ORA-02303: cannot drop or replace a type with type or table dependents 



Type created.


Package created.


Package body created.


Synonym created.


Grant succeeded.


Package created.


Package body created.


Synonym created.


Grant succeeded.


Package created.


Package body created.


Synonym created.


Grant succeeded.


Package created.


Package body created.


Synonym created.


Grant succeeded.


Package created.


Package body created.


Synonym created.


Grant succeeded.


Package created.


Package body created.


Synonym created.


Grant succeeded.


Package created.


Package body created.


Synonym created.


Grant succeeded.


Package created.


Package body created.


Synonym created.


Grant succeeded.


Package created.


Package body created.


Synonym created.


Grant succeeded.


Package created.


Package body created.


Synonym created.


Grant succeeded.


Package created.


Package body created.


Synonym created.


Grant succeeded.


Package created.


Warning: Package Body created with compilation errors.


Synonym created.


Grant succeeded.


Package created.


Package body created.


Synonym created.


Grant succeeded.


Package created.


Package body created.


Synonym created.


Grant succeeded.


Package created.


Package body created.


Synonym created.


Grant succeeded.


Package created.


Package body created.


Synonym created.


Grant succeeded.


Package created.


Package body created.


Synonym created.


Grant succeeded.


Package created.


Package body created.


Synonym created.


Grant succeeded.


Function created.


Synonym created.


Grant succeeded.

create or replace type lics_security_object as object
*
ERROR at line 1:
ORA-02303: cannot drop or replace a type with type or table dependents 



Type created.


Package created.


Package body created.


Synonym created.


Grant succeeded.


Package created.


Package body created.


Synonym created.

grant execute on lics_security_configuration to ics_app
                                                *
ERROR at line 1:
ORA-01917: user or role 'ICS_APP' does not exist 



Package created.


Package body created.


Synonym created.


Grant succeeded.


Package created.


Warning: Package Body created with compilation errors.


Synonym created.


Grant succeeded.


Package created.


Package body created.


Synonym created.


Grant succeeded.

